Using pre-set license
Built from '2021.3/staging' branch; Version is '2021.3.16f1 (4016570cf34f) revision 4200023'; Using compiler version '192829333'; Build Type 'Release'
OS: 'Windows 10  (10.0.19044) 64bit Professional' Language: 'ru' Physical Memory: 16069 MB
BatchMode: 1, IsHumanControllingUs: 0, StartBugReporterOnCrash: 0, Is64bit: 1, IsPro: 1

COMMAND LINE ARGUMENTS:
C:\Program Files\Unity\Hub\Editor\2021.3.16f1-x86_64\Editor\Unity.exe
-adb2
-batchMode
-noUpm
-name
AssetImportWorker1
-projectPath
C:/Users/DARKEN43/-/My project (1)
-logFile
Logs/AssetImportWorker1.log
-srvPort
59663
Successfully changed project path to: C:/Users/DARKEN43/-/My project (1)
C:/Users/DARKEN43/-/My project (1)
[UnityMemory] Configuration Parameters - Can be set up in boot.config
    "memorysetup-bucket-allocator-granularity=16"
    "memorysetup-bucket-allocator-bucket-count=8"
    "memorysetup-bucket-allocator-block-size=33554432"
    "memorysetup-bucket-allocator-block-count=8"
    "memorysetup-main-allocator-block-size=16777216"
    "memorysetup-thread-allocator-block-size=16777216"
    "memorysetup-gfx-main-allocator-block-size=16777216"
    "memorysetup-gfx-thread-allocator-block-size=16777216"
    "memorysetup-cache-allocator-block-size=4194304"
    "memorysetup-typetree-allocator-block-size=2097152"
    "memorysetup-profiler-bucket-allocator-granularity=16"
    "memorysetup-profiler-bucket-allocator-bucket-count=8"
    "memorysetup-profiler-bucket-allocator-block-size=33554432"
    "memorysetup-profiler-bucket-allocator-block-count=8"
    "memorysetup-profiler-allocator-block-size=16777216"
    "memorysetup-profiler-editor-allocator-block-size=1048576"
    "memorysetup-temp-allocator-size-main=16777216"
    "memorysetup-job-temp-allocator-block-size=2097152"
    "memorysetup-job-temp-allocator-block-size-background=1048576"
    "memorysetup-job-temp-allocator-reduction-small-platforms=262144"
    "memorysetup-temp-allocator-size-background-worker=32768"
    "memorysetup-temp-allocator-size-job-worker=262144"
    "memorysetup-temp-allocator-size-preload-manager=33554432"
    "memorysetup-temp-allocator-size-nav-mesh-worker=65536"
    "memorysetup-temp-allocator-size-audio-worker=65536"
    "memorysetup-temp-allocator-size-cloud-worker=32768"
    "memorysetup-temp-allocator-size-gi-baking-worker=262144"
    "memorysetup-temp-allocator-size-gfx=262144"
Player connection [2720] Host "[IP] 192.168.1.121 [Port] 0 [Flags] 2 [Guid] 616393294 [EditorId] 616393294 [Version] 1048832 [Id] WindowsEditor(7,DESKTOP-5R98KJG) [Debug] 1 [PackageName] WindowsEditor [ProjectName] Editor" joined multi-casting on [225.0.0.222:54997]...

Player connection [2720] Host "[IP] 192.168.1.121 [Port] 0 [Flags] 2 [Guid] 616393294 [EditorId] 616393294 [Version] 1048832 [Id] WindowsEditor(7,DESKTOP-5R98KJG) [Debug] 1 [PackageName] WindowsEditor [ProjectName] Editor" joined alternative multi-casting on [225.0.0.222:34997]...

Refreshing native plugins compatible for Editor in 122.83 ms, found 3 plugins.
Preloading 0 native plugins for Editor in 0.00 ms.
Initialize engine version: 2021.3.16f1 (4016570cf34f)
[Subsystems] Discovering subsystems at path C:/Program Files/Unity/Hub/Editor/2021.3.16f1-x86_64/Editor/Data/Resources/UnitySubsystems
[Subsystems] Discovering subsystems at path C:/Users/DARKEN43/-/My project (1)/Assets
GfxDevice: creating device client; threaded=0; jobified=0
Direct3D:
    Version:  Direct3D 11.0 [level 11.0]
    Renderer: Intel(R) HD Graphics 4000 (ID=0x162)
    Vendor:   Intel
    VRAM:     224 MB
    Driver:   10.18.10.4252
Initialize mono
Mono path[0] = 'C:/Program Files/Unity/Hub/Editor/2021.3.16f1-x86_64/Editor/Data/Managed'
Mono path[1] = 'C:/Program Files/Unity/Hub/Editor/2021.3.16f1-x86_64/Editor/Data/MonoBleedingEdge/lib/mono/unityjit-win32'
Mono config path = 'C:/Program Files/Unity/Hub/Editor/2021.3.16f1-x86_64/Editor/Data/MonoBleedingEdge/etc'
Using monoOptions --debugger-agent=transport=dt_socket,embedding=1,server=y,suspend=n,address=127.0.0.1:56800
Begin MonoManager ReloadAssembly
Registering precompiled unity dll's ...
Register platform support module: C:/Program Files/Unity/Hub/Editor/2021.3.16f1-x86_64/Editor/Data/PlaybackEngines/WindowsStandaloneSupport/UnityEditor.WindowsStandalone.Extensions.dll
Registered in 0.010205 seconds.
Native extension for WindowsStandalone target not found
Refreshing native plugins compatible for Editor in 119.81 ms, found 3 plugins.
Preloading 0 native plugins for Editor in 0.00 ms.
Mono: successfully reloaded assembly
- Completed reload, in  0.904 seconds
Domain Reload Profiling:
	ReloadAssembly (905ms)
		BeginReloadAssembly (120ms)
			ExecutionOrderSort (0ms)
			DisableScriptedObjects (0ms)
			BackupInstance (0ms)
			ReleaseScriptingObjects (0ms)
			CreateAndSetChildDomain (1ms)
		EndReloadAssembly (631ms)
			LoadAssemblies (117ms)
			RebuildTransferFunctionScriptingTraits (0ms)
			SetupTypeCache (144ms)
			ReleaseScriptCaches (0ms)
			RebuildScriptCaches (40ms)
			SetupLoadedEditorAssemblies (377ms)
				LogAssemblyErrors (0ms)
				InitializePlatformSupportModulesInManaged (12ms)
				SetLoadedEditorAssemblies (0ms)
				RefreshPlugins (120ms)
				BeforeProcessingInitializeOnLoad (2ms)
				ProcessInitializeOnLoadAttributes (168ms)
				ProcessInitializeOnLoadMethodAttributes (75ms)
				AfterProcessingInitializeOnLoad (0ms)
				EditorAssembliesLoaded (0ms)
			ExecutionOrderSort2 (0ms)
			AwakeInstancesAfterBackupRestoration (0ms)
Platform modules already initialized, skipping
Registering precompiled user dll's ...
Registered in 0.009930 seconds.
Begin MonoManager ReloadAssembly
Symbol file LoadedFromMemory doesn't match image C:\Users\DARKEN43\-\My project (1)\Library\PackageCache\com.unity.visualscripting@1.7.8\Editor\VisualScripting.Core\Dependencies\YamlDotNet\Unity.VisualScripting.YamlDotNet.dll
Symbol file LoadedFromMemory doesn't match image C:\Users\DARKEN43\-\My project (1)\Library\PackageCache\com.unity.visualscripting@1.7.8\Editor\VisualScripting.Core\Dependencies\DotNetZip\Unity.VisualScripting.IonicZip.dll
Native extension for WindowsStandalone target not found
Refreshing native plugins compatible for Editor in 0.77 ms, found 3 plugins.
Preloading 0 native plugins for Editor in 0.00 ms.
Mono: successfully reloaded assembly
- Completed reload, in  6.082 seconds
Domain Reload Profiling:
	ReloadAssembly (6083ms)
		BeginReloadAssembly (156ms)
			ExecutionOrderSort (0ms)
			DisableScriptedObjects (8ms)
			BackupInstance (0ms)
			ReleaseScriptingObjects (0ms)
			CreateAndSetChildDomain (23ms)
		EndReloadAssembly (5704ms)
			LoadAssemblies (3093ms)
			RebuildTransferFunctionScriptingTraits (0ms)
			SetupTypeCache (918ms)
			ReleaseScriptCaches (1ms)
			RebuildScriptCaches (69ms)
			SetupLoadedEditorAssemblies (1578ms)
				LogAssemblyErrors (0ms)
				InitializePlatformSupportModulesInManaged (8ms)
				SetLoadedEditorAssemblies (1ms)
				RefreshPlugins (1ms)
				BeforeProcessingInitializeOnLoad (129ms)
				ProcessInitializeOnLoadAttributes (331ms)
				ProcessInitializeOnLoadMethodAttributes (1096ms)
				AfterProcessingInitializeOnLoad (11ms)
				EditorAssembliesLoaded (0ms)
			ExecutionOrderSort2 (0ms)
			AwakeInstancesAfterBackupRestoration (8ms)
Platform modules already initialized, skipping
========================================================================
Worker process is ready to serve import requests
Launched and connected shader compiler UnityShaderCompiler.exe after 0.05 seconds
Refreshing native plugins compatible for Editor in 0.99 ms, found 3 plugins.
Preloading 0 native plugins for Editor in 0.00 ms.
Unloading 3364 Unused Serialized files (Serialized files now loaded: 0)
Unloading 27 unused Assets / (113.6 KB). Loaded Objects now: 3840.
Memory consumption went from 128.7 MB to 128.6 MB.
Total: 4.402700 ms (FindLiveObjects: 0.421400 ms CreateObjectMapping: 0.161800 ms MarkObjects: 3.646200 ms  DeleteObjects: 0.171500 ms)

AssetImportParameters requested are different than current active one (requested -> active):
  custom:video-decoder-ogg-theora: a1e56fd34408186e4bbccfd4996cb3dc -> 
  custom:container-muxer-webm: aa71ff27fc2769a1b78a27578f13a17b -> 
  custom:container-demuxer-webm: 4f35f7cbe854078d1ac9338744f61a02 -> 
  custom:video-encoder-webm-vp8: eb34c28f22e8b96e1ab97ce403110664 -> 
  custom:audio-encoder-webm-vorbis: bf7c407c2cedff20999df2af8eb42d56 -> 
  custom:framework-win-MediaFoundation: 216162199b28c13a410421893ffa2e32 -> 
  custom:container-demuxer-ogg: 62fdf1f143b41e24485cea50d1cbac27 -> 
  custom:video-decoder-webm-vp8: 9c59270c3fd7afecdb556c50c9e8de78 -> 
  custom:audio-decoder-ogg-vorbis: bf7c407c2cedff20999df2af8eb42d56 -> 
========================================================================
Received Import Request.
  Time since last request: 4284.000385 seconds.
  path: Assets/ModularLowpolyStreetsFree
  artifactKey: Guid(b339e64cb60d4364dba2c0bb34e0bf3f) Importer(815301076,1909f56bfc062723c751e8b465ee728b)
Start importing Assets/ModularLowpolyStreetsFree using Guid(b339e64cb60d4364dba2c0bb34e0bf3f) Importer(815301076,1909f56bfc062723c751e8b465ee728b)  -> (artifact id: '61e4ab3d0909bcd3fc50efdfa729b5fc') in 0.011638 seconds 
========================================================================
Received Import Request.
  Time since last request: 0.000034 seconds.
  path: Assets/ModularLowpolyStreetsFree/FBX/Poles.fbx
  artifactKey: Guid(4b30a538401fa8c4f81f8aacda48f9e1) Importer(815301076,1909f56bfc062723c751e8b465ee728b)
Start importing Assets/ModularLowpolyStreetsFree/FBX/Poles.fbx using Guid(4b30a538401fa8c4f81f8aacda48f9e1) Importer(815301076,1909f56bfc062723c751e8b465ee728b)  -> (artifact id: '96bf1d5e57bd8b897aff58a0395177be') in 0.648055 seconds 
========================================================================
Received Import Request.
  Time since last request: 0.000024 seconds.
  path: Assets/ModularLowpolyStreetsFree/FBX/Bench.fbx
  artifactKey: Guid(19f535191901b8f4cadc26f7ebcff86a) Importer(815301076,1909f56bfc062723c751e8b465ee728b)
Start importing Assets/ModularLowpolyStreetsFree/FBX/Bench.fbx using Guid(19f535191901b8f4cadc26f7ebcff86a) Importer(815301076,1909f56bfc062723c751e8b465ee728b)  -> (artifact id: 'a6ca3999265ec49eb37a245f075b3040') in 0.291711 seconds 
========================================================================
Received Import Request.
  Time since last request: 0.000032 seconds.
  path: Assets/ModularLowpolyStreetsFree/FBX/Cafe.fbx
  artifactKey: Guid(0f7c378b468572947938ef4e2664ee4f) Importer(815301076,1909f56bfc062723c751e8b465ee728b)
Start importing Assets/ModularLowpolyStreetsFree/FBX/Cafe.fbx using Guid(0f7c378b468572947938ef4e2664ee4f) Importer(815301076,1909f56bfc062723c751e8b465ee728b)  -> (artifact id: '9a11f406dd0f1b12a20eb859ef3ab880') in 0.061065 seconds 
========================================================================
Received Import Request.
  Time since last request: 0.000021 seconds.
  path: Assets/ModularLowpolyStreetsFree/FBX/Nature.fbx
  artifactKey: Guid(71b44a86250cd7c4e9a9975b56b36bb3) Importer(815301076,1909f56bfc062723c751e8b465ee728b)
Start importing Assets/ModularLowpolyStreetsFree/FBX/Nature.fbx using Guid(71b44a86250cd7c4e9a9975b56b36bb3) Importer(815301076,1909f56bfc062723c751e8b465ee728b)  -> (artifact id: '7205f267d1b23550bc46bc23085ec91e') in 0.049006 seconds 
========================================================================
Received Import Request.
  Time since last request: 0.000021 seconds.
  path: Assets/ModularLowpolyStreetsFree/FBX
  artifactKey: Guid(1bceb3a02d7d3914c8716ce87803e0ba) Importer(815301076,1909f56bfc062723c751e8b465ee728b)
Start importing Assets/ModularLowpolyStreetsFree/FBX using Guid(1bceb3a02d7d3914c8716ce87803e0ba) Importer(815301076,1909f56bfc062723c751e8b465ee728b)  -> (artifact id: '7b65db75093e8c6d568fd9855e9f7082') in 0.006316 seconds 
========================================================================
Received Import Request.
  Time since last request: 0.000025 seconds.
  path: Assets/ModularLowpolyStreetsFree/FBX/Other.fbx
  artifactKey: Guid(1ee711c742045db4b974dba96af4d48d) Importer(815301076,1909f56bfc062723c751e8b465ee728b)
Start importing Assets/ModularLowpolyStreetsFree/FBX/Other.fbx using Guid(1ee711c742045db4b974dba96af4d48d) Importer(815301076,1909f56bfc062723c751e8b465ee728b)  -> (artifact id: 'a09b16cab8b8effc2ad89c5de8a849d7') in 0.099133 seconds 
========================================================================
Received Import Request.
  Time since last request: 0.000027 seconds.
  path: Assets/ModularLowpolyStreetsFree/FBX/Roads.fbx
  artifactKey: Guid(8f631a0560592c44890f879375e84e52) Importer(815301076,1909f56bfc062723c751e8b465ee728b)
Start importing Assets/ModularLowpolyStreetsFree/FBX/Roads.fbx using Guid(8f631a0560592c44890f879375e84e52) Importer(815301076,1909f56bfc062723c751e8b465ee728b)  -> (artifact id: 'e7825f225c418dda95452db1ac8f5593') in 0.353583 seconds 
========================================================================
Received Import Request.
  Time since last request: 0.000040 seconds.
  path: Assets/ModularLowpolyStreetsFree/FBX/TrafficLights.fbx
  artifactKey: Guid(116fe633af9b7dc4a81956394e891e60) Importer(815301076,1909f56bfc062723c751e8b465ee728b)
Start importing Assets/ModularLowpolyStreetsFree/FBX/TrafficLights.fbx using Guid(116fe633af9b7dc4a81956394e891e60) Importer(815301076,1909f56bfc062723c751e8b465ee728b)  -> (artifact id: '2bab7344440b6e32781ff8dd9996e8e5') in 0.256612 seconds 
========================================================================
Received Import Request.
  Time since last request: 122.852167 seconds.
  path: Assets/ModularLowpolyStreetsFree/Materials
  artifactKey: Guid(f654b0c935390cb4da8518c7cc3ee8d3) Importer(815301076,1909f56bfc062723c751e8b465ee728b)
Start importing Assets/ModularLowpolyStreetsFree/Materials using Guid(f654b0c935390cb4da8518c7cc3ee8d3) Importer(815301076,1909f56bfc062723c751e8b465ee728b)  -> (artifact id: '6db5742f849b06ede9838ae9c34c0f0f') in 0.006879 seconds 
========================================================================
Received Import Request.
  Time since last request: 1.559459 seconds.
  path: Assets/ModularLowpolyStreetsFree/Materials/Roads
  artifactKey: Guid(385b2f7d198470148bf6a19e72036d14) Importer(815301076,1909f56bfc062723c751e8b465ee728b)
Start importing Assets/ModularLowpolyStreetsFree/Materials/Roads using Guid(385b2f7d198470148bf6a19e72036d14) Importer(815301076,1909f56bfc062723c751e8b465ee728b)  -> (artifact id: 'c08016761f5a1e30942b4355ceebfd51') in 0.002328 seconds 
========================================================================
Received Import Request.
  Time since last request: 0.052510 seconds.
  path: Assets/ModularLowpolyStreetsFree/Materials/Roads/Border.mat
  artifactKey: Guid(49658c6e81bdb5542adfcb43a4324d86) Importer(815301076,1909f56bfc062723c751e8b465ee728b)
Start importing Assets/ModularLowpolyStreetsFree/Materials/Roads/Border.mat using Guid(49658c6e81bdb5542adfcb43a4324d86) Importer(815301076,1909f56bfc062723c751e8b465ee728b)  -> (artifact id: '354003db9011e2411453b06dd0863742') in 0.066420 seconds 
========================================================================
Received Import Request.
  Time since last request: 0.000028 seconds.
  path: Assets/ModularLowpolyStreetsFree/Materials/Roads/Crossroads-1-lines-walk.mat
  artifactKey: Guid(206d16026d8514549bfa91a62e6a7f5d) Importer(815301076,1909f56bfc062723c751e8b465ee728b)
Start importing Assets/ModularLowpolyStreetsFree/Materials/Roads/Crossroads-1-lines-walk.mat using Guid(206d16026d8514549bfa91a62e6a7f5d) Importer(815301076,1909f56bfc062723c751e8b465ee728b)  -> (artifact id: '461a74c34cc3a182d68df2bbfac58403') in 0.058871 seconds 
========================================================================
Received Import Request.
  Time since last request: 0.000024 seconds.
  path: Assets/ModularLowpolyStreetsFree/Materials/Roads/Road-1-line-turn-1.mat
  artifactKey: Guid(3a841dc28c751b64899dfd35e43a91f9) Importer(815301076,1909f56bfc062723c751e8b465ee728b)
Start importing Assets/ModularLowpolyStreetsFree/Materials/Roads/Road-1-line-turn-1.mat using Guid(3a841dc28c751b64899dfd35e43a91f9) Importer(815301076,1909f56bfc062723c751e8b465ee728b)  -> (artifact id: '34dc32626d84727c904e4fa171b8fd3d') in 0.056019 seconds 
========================================================================
Received Import Request.
  Time since last request: 0.000031 seconds.
  path: Assets/ModularLowpolyStreetsFree/Materials/Roads/Crossroads-1-lines-circ.mat
  artifactKey: Guid(37bc864c159ad2b42af78734d8a63b8b) Importer(815301076,1909f56bfc062723c751e8b465ee728b)
Start importing Assets/ModularLowpolyStreetsFree/Materials/Roads/Crossroads-1-lines-circ.mat using Guid(37bc864c159ad2b42af78734d8a63b8b) Importer(815301076,1909f56bfc062723c751e8b465ee728b)  -> (artifact id: '6159403914a719d63bc7d4b8543d9d5e') in 0.087317 seconds 
========================================================================
Received Import Request.
  Time since last request: 0.000021 seconds.
  path: Assets/ModularLowpolyStreetsFree/Materials/Roads/Pavement.mat
  artifactKey: Guid(ad9b23eb22f4c5d4eab51aaec94fda13) Importer(815301076,1909f56bfc062723c751e8b465ee728b)
Start importing Assets/ModularLowpolyStreetsFree/Materials/Roads/Pavement.mat using Guid(ad9b23eb22f4c5d4eab51aaec94fda13) Importer(815301076,1909f56bfc062723c751e8b465ee728b)  -> (artifact id: 'd3b32e774b41e53e1118f2d51b35385c') in 0.067409 seconds 
========================================================================
Received Import Request.
  Time since last request: 0.000021 seconds.
  path: Assets/ModularLowpolyStreetsFree/Materials/Roads/Crossroads-1-lines-walk-2.mat
  artifactKey: Guid(6e29508a3a906694a8ac20b7ddae7087) Importer(815301076,1909f56bfc062723c751e8b465ee728b)
Start importing Assets/ModularLowpolyStreetsFree/Materials/Roads/Crossroads-1-lines-walk-2.mat using Guid(6e29508a3a906694a8ac20b7ddae7087) Importer(815301076,1909f56bfc062723c751e8b465ee728b)  -> (artifact id: '35411f4aeb7867dd0d3ed9900aad416c') in 0.059646 seconds 
========================================================================
Received Import Request.
  Time since last request: 0.000039 seconds.
  path: Assets/ModularLowpolyStreetsFree/Materials/Roads/Road-1-line-turn-2.mat
  artifactKey: Guid(e95b96e568a89b04eada01942ea3d4ca) Importer(815301076,1909f56bfc062723c751e8b465ee728b)
Start importing Assets/ModularLowpolyStreetsFree/Materials/Roads/Road-1-line-turn-2.mat using Guid(e95b96e568a89b04eada01942ea3d4ca) Importer(815301076,1909f56bfc062723c751e8b465ee728b)  -> (artifact id: 'd60dcb2b4fb9ac1d6cb9913bf043a3c4') in 0.063845 seconds 
========================================================================
Received Import Request.
  Time since last request: 0.000082 seconds.
  path: Assets/ModularLowpolyStreetsFree/Materials/Roads/Road-1-line.mat
  artifactKey: Guid(b78fe0de0f0a3f64f8b4f76f3b06a45a) Importer(815301076,1909f56bfc062723c751e8b465ee728b)
Start importing Assets/ModularLowpolyStreetsFree/Materials/Roads/Road-1-line.mat using Guid(b78fe0de0f0a3f64f8b4f76f3b06a45a) Importer(815301076,1909f56bfc062723c751e8b465ee728b)  -> (artifact id: '7009ac625a50dc540b39bf3309f753f0') in 0.057640 seconds 
========================================================================
Received Import Request.
  Time since last request: 100.610644 seconds.
  path: Assets/ModularLowpolyStreetsFree/Materials/Roads/Textures/Crossroads-1-lines-walk_AlbedoGloss.png
  artifactKey: Guid(7a4865adc0775244680dd0944a0424c1) Importer(815301076,1909f56bfc062723c751e8b465ee728b)
Start importing Assets/ModularLowpolyStreetsFree/Materials/Roads/Textures/Crossroads-1-lines-walk_AlbedoGloss.png using Guid(7a4865adc0775244680dd0944a0424c1) Importer(815301076,1909f56bfc062723c751e8b465ee728b)  -> (artifact id: 'cd4be1dd6dad2d5d84696e570a84f36d') in 0.060246 seconds 
========================================================================
Received Import Request.
  Time since last request: 189.569316 seconds.
  path: Assets/ModularLowpolyStreetsFree/Materials/Roads/Textures/Border_AlbedoGloss.png
  artifactKey: Guid(058a3fcbc1b65df499fd588df334e07a) Importer(815301076,1909f56bfc062723c751e8b465ee728b)
Start importing Assets/ModularLowpolyStreetsFree/Materials/Roads/Textures/Border_AlbedoGloss.png using Guid(058a3fcbc1b65df499fd588df334e07a) Importer(815301076,1909f56bfc062723c751e8b465ee728b)  -> (artifact id: '4de82b9eab24333c33cb885857a8e9ff') in 0.020361 seconds 
========================================================================
Received Import Request.
  Time since last request: 0.000034 seconds.
  path: Assets/ModularLowpolyStreetsFree/Materials/Roads/Textures/Crossroads-1-lines-circ_Normal.png
  artifactKey: Guid(f7c73d20fcb30194580917eae6199a73) Importer(815301076,1909f56bfc062723c751e8b465ee728b)
Start importing Assets/ModularLowpolyStreetsFree/Materials/Roads/Textures/Crossroads-1-lines-circ_Normal.png using Guid(f7c73d20fcb30194580917eae6199a73) Importer(815301076,1909f56bfc062723c751e8b465ee728b)  -> (artifact id: '39615b87a61e31032958bc32b05ed10c') in 0.053185 seconds 
========================================================================
Received Import Request.
  Time since last request: 0.000028 seconds.
  path: Assets/ModularLowpolyStreetsFree/Materials/Roads/Textures/Road-1-line-turn-1_Normal.png
  artifactKey: Guid(ac6806ca25b8d8d44b74be5c18c560c3) Importer(815301076,1909f56bfc062723c751e8b465ee728b)
Start importing Assets/ModularLowpolyStreetsFree/Materials/Roads/Textures/Road-1-line-turn-1_Normal.png using Guid(ac6806ca25b8d8d44b74be5c18c560c3) Importer(815301076,1909f56bfc062723c751e8b465ee728b)  -> (artifact id: '05e446f54dd21c577f5d147046a0c6dd') in 0.036391 seconds 
========================================================================
Received Import Request.
  Time since last request: 0.000051 seconds.
  path: Assets/ModularLowpolyStreetsFree/Materials/Roads/Textures/Road-1-line-turn-1_AlbedoGloss.png
  artifactKey: Guid(04feb797db3af6c429bbfad006fa00bf) Importer(815301076,1909f56bfc062723c751e8b465ee728b)
Start importing Assets/ModularLowpolyStreetsFree/Materials/Roads/Textures/Road-1-line-turn-1_AlbedoGloss.png using Guid(04feb797db3af6c429bbfad006fa00bf) Importer(815301076,1909f56bfc062723c751e8b465ee728b)  -> (artifact id: '8d8f45008aa60e62793f99c370e9d72c') in 0.043279 seconds 
========================================================================
Received Import Request.
  Time since last request: 0.000028 seconds.
  path: Assets/ModularLowpolyStreetsFree/Materials/Roads/Textures/Road-1-line-turn-2_Normal.png
  artifactKey: Guid(7b3e4714eab68d74099ff4a8f280b58d) Importer(815301076,1909f56bfc062723c751e8b465ee728b)
Start importing Assets/ModularLowpolyStreetsFree/Materials/Roads/Textures/Road-1-line-turn-2_Normal.png using Guid(7b3e4714eab68d74099ff4a8f280b58d) Importer(815301076,1909f56bfc062723c751e8b465ee728b)  -> (artifact id: '0997d7907f43ef0b5174e4661e4f8fc9') in 0.035483 seconds 
========================================================================
Received Import Request.
  Time since last request: 0.000037 seconds.
  path: Assets/ModularLowpolyStreetsFree/Materials/Roads/Textures/Crossroads-1-lines-2-walk_AlbedoGloss.png
  artifactKey: Guid(85726c6f2d7dcc9419744e1a61daacad) Importer(815301076,1909f56bfc062723c751e8b465ee728b)
Start importing Assets/ModularLowpolyStreetsFree/Materials/Roads/Textures/Crossroads-1-lines-2-walk_AlbedoGloss.png using Guid(85726c6f2d7dcc9419744e1a61daacad) Importer(815301076,1909f56bfc062723c751e8b465ee728b)  -> (artifact id: 'e5becb387555dcb2bf6a3ff25d6cf371') in 0.050247 seconds 
========================================================================
Received Import Request.
  Time since last request: 0.000037 seconds.
  path: Assets/ModularLowpolyStreetsFree/Materials/Roads/Textures/Crossroads-1-lines-circ_AlbedoGloss.png
  artifactKey: Guid(4f8e615bb9ba3a240af2a4d892bda8ff) Importer(815301076,1909f56bfc062723c751e8b465ee728b)
Start importing Assets/ModularLowpolyStreetsFree/Materials/Roads/Textures/Crossroads-1-lines-circ_AlbedoGloss.png using Guid(4f8e615bb9ba3a240af2a4d892bda8ff) Importer(815301076,1909f56bfc062723c751e8b465ee728b)  -> (artifact id: '47e4f3b710fbab9fa4e0e661fdff040e') in 0.036412 seconds 
========================================================================
Received Import Request.
  Time since last request: 0.000040 seconds.
  path: Assets/ModularLowpolyStreetsFree/Materials/Roads/Textures/Road-1-line_Normal.png
  artifactKey: Guid(055603b0f19c46e468d181389ad7321b) Importer(815301076,1909f56bfc062723c751e8b465ee728b)
Start importing Assets/ModularLowpolyStreetsFree/Materials/Roads/Textures/Road-1-line_Normal.png using Guid(055603b0f19c46e468d181389ad7321b) Importer(815301076,1909f56bfc062723c751e8b465ee728b)  -> (artifact id: 'f433b4c123dc62e5a8fe0680cba5f479') in 0.036605 seconds 
========================================================================
Received Import Request.
  Time since last request: 0.000030 seconds.
  path: Assets/ModularLowpolyStreetsFree/Materials/Roads/Textures/Crossroads-1-lines-2-walk_Normal.png
  artifactKey: Guid(fab8e5ca7774fa041a5d7cd3374e9eba) Importer(815301076,1909f56bfc062723c751e8b465ee728b)
Start importing Assets/ModularLowpolyStreetsFree/Materials/Roads/Textures/Crossroads-1-lines-2-walk_Normal.png using Guid(fab8e5ca7774fa041a5d7cd3374e9eba) Importer(815301076,1909f56bfc062723c751e8b465ee728b)  -> (artifact id: 'a7dc9de814ed038107a320bc5606486d') in 0.037238 seconds 
========================================================================
Received Import Request.
  Time since last request: 0.000049 seconds.
  path: Assets/ModularLowpolyStreetsFree/Materials/Roads/Textures/Road-1-line-turn-2_AlbedoGloss.png
  artifactKey: Guid(11a8cded0aa4e0b44bc9e20ab1064dda) Importer(815301076,1909f56bfc062723c751e8b465ee728b)
Start importing Assets/ModularLowpolyStreetsFree/Materials/Roads/Textures/Road-1-line-turn-2_AlbedoGloss.png using Guid(11a8cded0aa4e0b44bc9e20ab1064dda) Importer(815301076,1909f56bfc062723c751e8b465ee728b)  -> (artifact id: 'f4a2ba84e0ea0e54d915e957e6aea55b') in 0.040586 seconds 
========================================================================
Received Import Request.
  Time since last request: 0.000032 seconds.
  path: Assets/ModularLowpolyStreetsFree/Materials/Roads/Textures/Border_Normal.png
  artifactKey: Guid(5d6d0cf21efda314ea33c79250a847ff) Importer(815301076,1909f56bfc062723c751e8b465ee728b)
Start importing Assets/ModularLowpolyStreetsFree/Materials/Roads/Textures/Border_Normal.png using Guid(5d6d0cf21efda314ea33c79250a847ff) Importer(815301076,1909f56bfc062723c751e8b465ee728b)  -> (artifact id: '1b990d9b1f5170e6c8438b8db9daf828') in 0.034836 seconds 
========================================================================
Received Import Request.
  Time since last request: 0.000034 seconds.
  path: Assets/ModularLowpolyStreetsFree/Materials/Roads/Textures/Pavement_Normal.png
  artifactKey: Guid(4772b2b72c2786448bc673269bbb6615) Importer(815301076,1909f56bfc062723c751e8b465ee728b)
Start importing Assets/ModularLowpolyStreetsFree/Materials/Roads/Textures/Pavement_Normal.png using Guid(4772b2b72c2786448bc673269bbb6615) Importer(815301076,1909f56bfc062723c751e8b465ee728b)  -> (artifact id: '07f22f7b1130e677a63395657e1caaf3') in 0.035998 seconds 
========================================================================
Received Import Request.
  Time since last request: 0.000040 seconds.
  path: Assets/ModularLowpolyStreetsFree/Materials/Roads/Textures/Road-1-line_AlbedoGloss.png
  artifactKey: Guid(673f0ecbe7e97d54180a40c34685f11e) Importer(815301076,1909f56bfc062723c751e8b465ee728b)
Start importing Assets/ModularLowpolyStreetsFree/Materials/Roads/Textures/Road-1-line_AlbedoGloss.png using Guid(673f0ecbe7e97d54180a40c34685f11e) Importer(815301076,1909f56bfc062723c751e8b465ee728b)  -> (artifact id: '85677c2707cfee3b74a26a8115bd87fd') in 0.040192 seconds 
========================================================================
Received Import Request.
  Time since last request: 0.000039 seconds.
  path: Assets/ModularLowpolyStreetsFree/Materials/Roads/Textures/Crossroads-1-lines-walk_Normal.png
  artifactKey: Guid(2b8db04b957e7a64db38a3b1c360562d) Importer(815301076,1909f56bfc062723c751e8b465ee728b)
Start importing Assets/ModularLowpolyStreetsFree/Materials/Roads/Textures/Crossroads-1-lines-walk_Normal.png using Guid(2b8db04b957e7a64db38a3b1c360562d) Importer(815301076,1909f56bfc062723c751e8b465ee728b)  -> (artifact id: 'cfc9b2c6a5434c8aa6e9b47e2041b5dc') in 0.038556 seconds 
========================================================================
Received Import Request.
  Time since last request: 0.000039 seconds.
  path: Assets/ModularLowpolyStreetsFree/Materials/Roads/Textures/Pavement_AlbedoGloss.png
  artifactKey: Guid(7407d73a62bba1a4b8b183b3caf851c3) Importer(815301076,1909f56bfc062723c751e8b465ee728b)
Start importing Assets/ModularLowpolyStreetsFree/Materials/Roads/Textures/Pavement_AlbedoGloss.png using Guid(7407d73a62bba1a4b8b183b3caf851c3) Importer(815301076,1909f56bfc062723c751e8b465ee728b)  -> (artifact id: 'df4145525ae72d6de58797de454801e3') in 0.037767 seconds 
========================================================================
Received Import Request.
  Time since last request: 298.094246 seconds.
  path: Assets/ModularLowpolyStreetsFree/Materials/Other/Bench-1.mat
  artifactKey: Guid(817da138884b1bb458a0afd57cc6bb00) Importer(815301076,1909f56bfc062723c751e8b465ee728b)
Start importing Assets/ModularLowpolyStreetsFree/Materials/Other/Bench-1.mat using Guid(817da138884b1bb458a0afd57cc6bb00) Importer(815301076,1909f56bfc062723c751e8b465ee728b)  -> (artifact id: '1151b7425a7c1e0f5f9b31327b4b94c0') in 0.021734 seconds 
========================================================================
Received Import Request.
  Time since last request: 0.000023 seconds.
  path: Assets/ModularLowpolyStreetsFree/Materials/Other/Sewer-grill.mat
  artifactKey: Guid(eaf5240417f4c2046a2d35b26cdf4e69) Importer(815301076,1909f56bfc062723c751e8b465ee728b)
Start importing Assets/ModularLowpolyStreetsFree/Materials/Other/Sewer-grill.mat using Guid(eaf5240417f4c2046a2d35b26cdf4e69) Importer(815301076,1909f56bfc062723c751e8b465ee728b)  -> (artifact id: '38cbdb1c3475902d6f4020c9124c09a3') in 0.023213 seconds 
========================================================================
Received Import Request.
  Time since last request: 0.000024 seconds.
  path: Assets/ModularLowpolyStreetsFree/Materials/Other/Traffic-light-EU.mat
  artifactKey: Guid(abdc300c96ba8ee4698ad53975b2ddd9) Importer(815301076,1909f56bfc062723c751e8b465ee728b)
Start importing Assets/ModularLowpolyStreetsFree/Materials/Other/Traffic-light-EU.mat using Guid(abdc300c96ba8ee4698ad53975b2ddd9) Importer(815301076,1909f56bfc062723c751e8b465ee728b)  -> (artifact id: 'feded19723cf890db06315d3211601ef') in 0.037394 seconds 
========================================================================
Received Import Request.
  Time since last request: 0.000023 seconds.
  path: Assets/ModularLowpolyStreetsFree/Materials/Other/Hydrant.mat
  artifactKey: Guid(be63a4af02790f44db4ca21d06a5db32) Importer(815301076,1909f56bfc062723c751e8b465ee728b)
Start importing Assets/ModularLowpolyStreetsFree/Materials/Other/Hydrant.mat using Guid(be63a4af02790f44db4ca21d06a5db32) Importer(815301076,1909f56bfc062723c751e8b465ee728b)  -> (artifact id: 'a05b5e0a83f2c13999223683fd3d85e8') in 0.079901 seconds 
========================================================================
Received Import Request.
  Time since last request: 0.000028 seconds.
  path: Assets/ModularLowpolyStreetsFree/Materials/Other/Tree-area-1.mat
  artifactKey: Guid(965261c5d0adae54c9845f2569fb56db) Importer(815301076,1909f56bfc062723c751e8b465ee728b)
Start importing Assets/ModularLowpolyStreetsFree/Materials/Other/Tree-area-1.mat using Guid(965261c5d0adae54c9845f2569fb56db) Importer(815301076,1909f56bfc062723c751e8b465ee728b)  -> (artifact id: 'c81a3de519a66216850d7d4fa45e0b33') in 0.020017 seconds 
========================================================================
Received Import Request.
  Time since last request: 0.000034 seconds.
  path: Assets/ModularLowpolyStreetsFree/Materials/Other/Trash_can_1.mat
  artifactKey: Guid(732e282e711b88440921f49de9ea333b) Importer(815301076,1909f56bfc062723c751e8b465ee728b)
Start importing Assets/ModularLowpolyStreetsFree/Materials/Other/Trash_can_1.mat using Guid(732e282e711b88440921f49de9ea333b) Importer(815301076,1909f56bfc062723c751e8b465ee728b)  -> (artifact id: '889dc1854a4ea95f8337d0beee29a78f') in 0.039022 seconds 
========================================================================
Received Import Request.
  Time since last request: 0.000028 seconds.
  path: Assets/ModularLowpolyStreetsFree/Materials/Other/Cafe-table-1.mat
  artifactKey: Guid(4d9e55684f3dcdf44ac69eb3fc195388) Importer(815301076,1909f56bfc062723c751e8b465ee728b)
Start importing Assets/ModularLowpolyStreetsFree/Materials/Other/Cafe-table-1.mat using Guid(4d9e55684f3dcdf44ac69eb3fc195388) Importer(815301076,1909f56bfc062723c751e8b465ee728b)  -> (artifact id: '026542986b6a1029d8996b6e415fb388') in 0.060461 seconds 
========================================================================
Received Import Request.
  Time since last request: 0.000024 seconds.
  path: Assets/ModularLowpolyStreetsFree/Materials/Other/Cafe-chair-1.mat
  artifactKey: Guid(a9d75633b554b0f42ad144d5f0336e2b) Importer(815301076,1909f56bfc062723c751e8b465ee728b)
Start importing Assets/ModularLowpolyStreetsFree/Materials/Other/Cafe-chair-1.mat using Guid(a9d75633b554b0f42ad144d5f0336e2b) Importer(815301076,1909f56bfc062723c751e8b465ee728b)  -> (artifact id: '104b86eb5cc25913e57e1b0aebca9eb1') in 0.022094 seconds 
========================================================================
Received Import Request.
  Time since last request: 0.000026 seconds.
  path: Assets/ModularLowpolyStreetsFree/Materials/Other/Traffic-cone.mat
  artifactKey: Guid(7836fe20ca29307408fffe453e5c30fa) Importer(815301076,1909f56bfc062723c751e8b465ee728b)
Start importing Assets/ModularLowpolyStreetsFree/Materials/Other/Traffic-cone.mat using Guid(7836fe20ca29307408fffe453e5c30fa) Importer(815301076,1909f56bfc062723c751e8b465ee728b)  -> (artifact id: '4e84e80e6db0df529a9fa6894fd5bd2c') in 0.029215 seconds 
========================================================================
Received Import Request.
  Time since last request: 0.000074 seconds.
  path: Assets/ModularLowpolyStreetsFree/Materials/Other/Sewer-hatch.mat
  artifactKey: Guid(df7b2ef8a5833994cafa9dc32afe2135) Importer(815301076,1909f56bfc062723c751e8b465ee728b)
Start importing Assets/ModularLowpolyStreetsFree/Materials/Other/Sewer-hatch.mat using Guid(df7b2ef8a5833994cafa9dc32afe2135) Importer(815301076,1909f56bfc062723c751e8b465ee728b)  -> (artifact id: '849ddc45f4bb7be36bd5194103f4d173') in 0.023511 seconds 
========================================================================
Received Import Request.
  Time since last request: 0.000052 seconds.
  path: Assets/ModularLowpolyStreetsFree/Materials/Other/Traffic-light-EU-light.mat
  artifactKey: Guid(2f2fc0768c223304a98f72a08aae9261) Importer(815301076,1909f56bfc062723c751e8b465ee728b)
Start importing Assets/ModularLowpolyStreetsFree/Materials/Other/Traffic-light-EU-light.mat using Guid(2f2fc0768c223304a98f72a08aae9261) Importer(815301076,1909f56bfc062723c751e8b465ee728b)  -> (artifact id: 'd760394f1f56a87e73d8346a2c3148dd') in 0.019070 seconds 
========================================================================
Received Import Request.
  Time since last request: 0.000032 seconds.
  path: Assets/ModularLowpolyStreetsFree/Materials/Other/Tree-1.mat
  artifactKey: Guid(eb2526de915a6254fa658b21b6338e37) Importer(815301076,1909f56bfc062723c751e8b465ee728b)
Start importing Assets/ModularLowpolyStreetsFree/Materials/Other/Tree-1.mat using Guid(eb2526de915a6254fa658b21b6338e37) Importer(815301076,1909f56bfc062723c751e8b465ee728b)  -> (artifact id: 'f5f084774943c38a71a06ec2108e9f24') in 0.029591 seconds 
========================================================================
Received Import Request.
  Time since last request: 0.000023 seconds.
  path: Assets/ModularLowpolyStreetsFree/Materials/Other/Pole-light.mat
  artifactKey: Guid(8b7309a6c788b664681a337f9101337e) Importer(815301076,1909f56bfc062723c751e8b465ee728b)
Start importing Assets/ModularLowpolyStreetsFree/Materials/Other/Pole-light.mat using Guid(8b7309a6c788b664681a337f9101337e) Importer(815301076,1909f56bfc062723c751e8b465ee728b)  -> (artifact id: '0bad0149bef7a06797a6c7896f38c18f') in 0.022079 seconds 
========================================================================
Received Import Request.
  Time since last request: 0.000024 seconds.
  path: Assets/ModularLowpolyStreetsFree/Materials/Other/Pole-base.mat
  artifactKey: Guid(c253732cb67d0be46817dcd85cc34ceb) Importer(815301076,1909f56bfc062723c751e8b465ee728b)
Start importing Assets/ModularLowpolyStreetsFree/Materials/Other/Pole-base.mat using Guid(c253732cb67d0be46817dcd85cc34ceb) Importer(815301076,1909f56bfc062723c751e8b465ee728b)  -> (artifact id: '23bfa619fff70fb303f146511f53f168') in 0.027274 seconds 
========================================================================
Received Import Request.
  Time since last request: 0.000023 seconds.
  path: Assets/ModularLowpolyStreetsFree/Materials/Other/Pole1.mat
  artifactKey: Guid(8654194a4a9755d4aa0bd32d6fe0cd4c) Importer(815301076,1909f56bfc062723c751e8b465ee728b)
Start importing Assets/ModularLowpolyStreetsFree/Materials/Other/Pole1.mat using Guid(8654194a4a9755d4aa0bd32d6fe0cd4c) Importer(815301076,1909f56bfc062723c751e8b465ee728b)  -> (artifact id: '51b191803519eaaefc3e4d9cb3145eaa') in 0.024449 seconds 
========================================================================
Received Prepare
Registering precompiled user dll's ...
Registered in 0.008091 seconds.
Begin MonoManager ReloadAssembly
Symbol file LoadedFromMemory doesn't match image C:\Users\DARKEN43\-\My project (1)\Library\PackageCache\com.unity.visualscripting@1.7.8\Editor\VisualScripting.Core\Dependencies\YamlDotNet\Unity.VisualScripting.YamlDotNet.dll
Symbol file LoadedFromMemory doesn't match image C:\Users\DARKEN43\-\My project (1)\Library\PackageCache\com.unity.visualscripting@1.7.8\Editor\VisualScripting.Core\Dependencies\DotNetZip\Unity.VisualScripting.IonicZip.dll
Native extension for WindowsStandalone target not found
Refreshing native plugins compatible for Editor in 1.52 ms, found 3 plugins.
Preloading 0 native plugins for Editor in 0.00 ms.
Mono: successfully reloaded assembly
- Completed reload, in  1.792 seconds
Domain Reload Profiling:
	ReloadAssembly (1794ms)
		BeginReloadAssembly (179ms)
			ExecutionOrderSort (0ms)
			DisableScriptedObjects (6ms)
			BackupInstance (0ms)
			ReleaseScriptingObjects (0ms)
			CreateAndSetChildDomain (49ms)
		EndReloadAssembly (1480ms)
			LoadAssemblies (112ms)
			RebuildTransferFunctionScriptingTraits (0ms)
			SetupTypeCache (450ms)
			ReleaseScriptCaches (3ms)
			RebuildScriptCaches (94ms)
			SetupLoadedEditorAssemblies (705ms)
				LogAssemblyErrors (0ms)
				InitializePlatformSupportModulesInManaged (28ms)
				SetLoadedEditorAssemblies (1ms)
				RefreshPlugins (2ms)
				BeforeProcessingInitializeOnLoad (151ms)
				ProcessInitializeOnLoadAttributes (446ms)
				ProcessInitializeOnLoadMethodAttributes (60ms)
				AfterProcessingInitializeOnLoad (17ms)
				EditorAssembliesLoaded (1ms)
			ExecutionOrderSort2 (0ms)
			AwakeInstancesAfterBackupRestoration (14ms)
Platform modules already initialized, skipping
Refreshing native plugins compatible for Editor in 3.16 ms, found 3 plugins.
Preloading 0 native plugins for Editor in 0.00 ms.
Unloading 3359 Unused Serialized files (Serialized files now loaded: 0)
Unloading 20 unused Assets / (80.1 KB). Loaded Objects now: 3891.
Memory consumption went from 133.7 MB to 133.6 MB.
Total: 5.870800 ms (FindLiveObjects: 0.671500 ms CreateObjectMapping: 0.258800 ms MarkObjects: 4.811800 ms  DeleteObjects: 0.124700 ms)

AssetImportParameters requested are different than current active one (requested -> active):
  custom:video-decoder-ogg-theora: a1e56fd34408186e4bbccfd4996cb3dc -> 
  custom:container-muxer-webm: aa71ff27fc2769a1b78a27578f13a17b -> 
  custom:container-demuxer-webm: 4f35f7cbe854078d1ac9338744f61a02 -> 
  custom:video-encoder-webm-vp8: eb34c28f22e8b96e1ab97ce403110664 -> 
  custom:audio-encoder-webm-vorbis: bf7c407c2cedff20999df2af8eb42d56 -> 
  custom:framework-win-MediaFoundation: 216162199b28c13a410421893ffa2e32 -> 
  custom:container-demuxer-ogg: 62fdf1f143b41e24485cea50d1cbac27 -> 
  custom:video-decoder-webm-vp8: 9c59270c3fd7afecdb556c50c9e8de78 -> 
  custom:audio-decoder-ogg-vorbis: bf7c407c2cedff20999df2af8eb42d56 -> 
========================================================================
Received Import Request.
  Time since last request: 308.565510 seconds.
  path: Assets/ModularLowpolyStreetsFree/FBX/Bench.fbx
  artifactKey: Guid(19f535191901b8f4cadc26f7ebcff86a) Importer(815301076,1909f56bfc062723c751e8b465ee728b)
Start importing Assets/ModularLowpolyStreetsFree/FBX/Bench.fbx using Guid(19f535191901b8f4cadc26f7ebcff86a) Importer(815301076,1909f56bfc062723c751e8b465ee728b)  -> (artifact id: '2b1460786bc2023703228a9ab34e4236') in 0.165298 seconds 
========================================================================
Received Import Request.
  Time since last request: 17.470515 seconds.
  path: Assets/ModularLowpolyStreetsFree/FBX/Bench.fbx
  artifactKey: Guid(19f535191901b8f4cadc26f7ebcff86a) Importer(815301076,1909f56bfc062723c751e8b465ee728b)
Start importing Assets/ModularLowpolyStreetsFree/FBX/Bench.fbx using Guid(19f535191901b8f4cadc26f7ebcff86a) Importer(815301076,1909f56bfc062723c751e8b465ee728b)  -> (artifact id: '144434dbf505eb0b95414013fed2dbe9') in 0.055937 seconds 
========================================================================
Received Import Request.
  Time since last request: 472.928893 seconds.
  path: Assets/ModularLowpolyStreetsFree/Scenes
  artifactKey: Guid(25b753af47108784b90594d99216ba76) Importer(815301076,1909f56bfc062723c751e8b465ee728b)
Start importing Assets/ModularLowpolyStreetsFree/Scenes using Guid(25b753af47108784b90594d99216ba76) Importer(815301076,1909f56bfc062723c751e8b465ee728b)  -> (artifact id: '985b1b67f0bae662b2b8a0a6b8426e79') in 0.008652 seconds 
========================================================================
Received Import Request.
  Time since last request: 3.081540 seconds.
  path: Assets/ModularLowpolyStreetsFree/Prefabs
  artifactKey: Guid(3b2c1b2b66a50dd43bcb3e0768c051e0) Importer(815301076,1909f56bfc062723c751e8b465ee728b)
Start importing Assets/ModularLowpolyStreetsFree/Prefabs using Guid(3b2c1b2b66a50dd43bcb3e0768c051e0) Importer(815301076,1909f56bfc062723c751e8b465ee728b)  -> (artifact id: 'bae4a6d6429b231a03804e53c53a333c') in 0.008130 seconds 
========================================================================
Received Import Request.
  Time since last request: 1.354811 seconds.
  path: Assets/ModularLowpolyStreetsFree/Prefabs/Roads
  artifactKey: Guid(ce5573bf2f5f34643ab808754f4f0ac1) Importer(815301076,1909f56bfc062723c751e8b465ee728b)
Start importing Assets/ModularLowpolyStreetsFree/Prefabs/Roads using Guid(ce5573bf2f5f34643ab808754f4f0ac1) Importer(815301076,1909f56bfc062723c751e8b465ee728b)  -> (artifact id: '865e6d0f1f29c252672cbd8932db71b4') in 0.002661 seconds 
========================================================================
Received Import Request.
  Time since last request: 0.087852 seconds.
  path: Assets/ModularLowpolyStreetsFree/Prefabs/Roads/Crossroads_1_lines_2_walk.prefab
  artifactKey: Guid(610857578956dd14086cc62aeb1c45e0) Importer(815301076,1909f56bfc062723c751e8b465ee728b)
Start importing Assets/ModularLowpolyStreetsFree/Prefabs/Roads/Crossroads_1_lines_2_walk.prefab using Guid(610857578956dd14086cc62aeb1c45e0) Importer(815301076,1909f56bfc062723c751e8b465ee728b)  -> (artifact id: '9b1c104c0bb5e5b38ea32ac2943b4da5') in 0.087302 seconds 
========================================================================
Received Import Request.
  Time since last request: 0.000024 seconds.
  path: Assets/ModularLowpolyStreetsFree/Prefabs/Roads/Pavement.prefab
  artifactKey: Guid(efe06c0608269fb45a852b9c1aff7526) Importer(815301076,1909f56bfc062723c751e8b465ee728b)
Start importing Assets/ModularLowpolyStreetsFree/Prefabs/Roads/Pavement.prefab using Guid(efe06c0608269fb45a852b9c1aff7526) Importer(815301076,1909f56bfc062723c751e8b465ee728b)  -> (artifact id: 'd9e09550fa95d0a5cbe54dd547343c59') in 0.066600 seconds 
========================================================================
Received Import Request.
  Time since last request: 0.000038 seconds.
  path: Assets/ModularLowpolyStreetsFree/Prefabs/Roads/Road_1_line.prefab
  artifactKey: Guid(dfec8d9b723b08e4ab4463a1b8f9cd7d) Importer(815301076,1909f56bfc062723c751e8b465ee728b)
Start importing Assets/ModularLowpolyStreetsFree/Prefabs/Roads/Road_1_line.prefab using Guid(dfec8d9b723b08e4ab4463a1b8f9cd7d) Importer(815301076,1909f56bfc062723c751e8b465ee728b)  -> (artifact id: '52eb6ec612d22dc5ca4ea011081dc868') in 0.148434 seconds 
========================================================================
Received Import Request.
  Time since last request: 0.000030 seconds.
  path: Assets/ModularLowpolyStreetsFree/Prefabs/Roads/Crossroads_1_lines_walk.prefab
  artifactKey: Guid(566725c8dfb238f419a8e9342ffaab05) Importer(815301076,1909f56bfc062723c751e8b465ee728b)
Start importing Assets/ModularLowpolyStreetsFree/Prefabs/Roads/Crossroads_1_lines_walk.prefab using Guid(566725c8dfb238f419a8e9342ffaab05) Importer(815301076,1909f56bfc062723c751e8b465ee728b)  -> (artifact id: 'b74148087cb93275de3e60838809720f') in 0.096483 seconds 
========================================================================
Received Import Request.
  Time since last request: 0.000026 seconds.
  path: Assets/ModularLowpolyStreetsFree/Prefabs/Roads/Crossroads_1_lines_circ.prefab
  artifactKey: Guid(41531554de1577f419a6c056467182f5) Importer(815301076,1909f56bfc062723c751e8b465ee728b)
Start importing Assets/ModularLowpolyStreetsFree/Prefabs/Roads/Crossroads_1_lines_circ.prefab using Guid(41531554de1577f419a6c056467182f5) Importer(815301076,1909f56bfc062723c751e8b465ee728b)  -> (artifact id: '32f4c6e02ccb663a471b716bac54e64d') in 0.088751 seconds 
========================================================================
Received Import Request.
  Time since last request: 0.000029 seconds.
  path: Assets/ModularLowpolyStreetsFree/Prefabs/Roads/Road_1_line_turn.prefab
  artifactKey: Guid(98ccc622328d9af478c80599fd4022f0) Importer(815301076,1909f56bfc062723c751e8b465ee728b)
Start importing Assets/ModularLowpolyStreetsFree/Prefabs/Roads/Road_1_line_turn.prefab using Guid(98ccc622328d9af478c80599fd4022f0) Importer(815301076,1909f56bfc062723c751e8b465ee728b)  -> (artifact id: 'b9125ae7bc4a541f39c4a6e7d881af29') in 0.149246 seconds 
========================================================================
Received Prepare
Registering precompiled user dll's ...
Registered in 0.007846 seconds.
Begin MonoManager ReloadAssembly
Symbol file LoadedFromMemory doesn't match image C:\Users\DARKEN43\-\My project (1)\Library\PackageCache\com.unity.visualscripting@1.7.8\Editor\VisualScripting.Core\Dependencies\YamlDotNet\Unity.VisualScripting.YamlDotNet.dll
Symbol file LoadedFromMemory doesn't match image C:\Users\DARKEN43\-\My project (1)\Library\PackageCache\com.unity.visualscripting@1.7.8\Editor\VisualScripting.Core\Dependencies\DotNetZip\Unity.VisualScripting.IonicZip.dll
Native extension for WindowsStandalone target not found
Refreshing native plugins compatible for Editor in 1.75 ms, found 3 plugins.
Preloading 0 native plugins for Editor in 0.00 ms.
Mono: successfully reloaded assembly
- Completed reload, in  1.567 seconds
Domain Reload Profiling:
	ReloadAssembly (1568ms)
		BeginReloadAssembly (180ms)
			ExecutionOrderSort (0ms)
			DisableScriptedObjects (6ms)
			BackupInstance (0ms)
			ReleaseScriptingObjects (0ms)
			CreateAndSetChildDomain (50ms)
		EndReloadAssembly (1249ms)
			LoadAssemblies (112ms)
			RebuildTransferFunctionScriptingTraits (0ms)
			SetupTypeCache (418ms)
			ReleaseScriptCaches (2ms)
			RebuildScriptCaches (74ms)
			SetupLoadedEditorAssemblies (549ms)
				LogAssemblyErrors (0ms)
				InitializePlatformSupportModulesInManaged (22ms)
				SetLoadedEditorAssemblies (1ms)
				RefreshPlugins (2ms)
				BeforeProcessingInitializeOnLoad (115ms)
				ProcessInitializeOnLoadAttributes (354ms)
				ProcessInitializeOnLoadMethodAttributes (41ms)
				AfterProcessingInitializeOnLoad (13ms)
				EditorAssembliesLoaded (0ms)
			ExecutionOrderSort2 (0ms)
			AwakeInstancesAfterBackupRestoration (10ms)
Platform modules already initialized, skipping
Refreshing native plugins compatible for Editor in 3.49 ms, found 3 plugins.
Preloading 0 native plugins for Editor in 0.00 ms.
Unloading 3359 Unused Serialized files (Serialized files now loaded: 0)
Unloading 20 unused Assets / (80.2 KB). Loaded Objects now: 3894.
Memory consumption went from 133.8 MB to 133.7 MB.
Total: 6.235900 ms (FindLiveObjects: 0.622500 ms CreateObjectMapping: 0.211900 ms MarkObjects: 5.175100 ms  DeleteObjects: 0.223500 ms)

AssetImportParameters requested are different than current active one (requested -> active):
  custom:video-decoder-ogg-theora: a1e56fd34408186e4bbccfd4996cb3dc -> 
  custom:container-muxer-webm: aa71ff27fc2769a1b78a27578f13a17b -> 
  custom:container-demuxer-webm: 4f35f7cbe854078d1ac9338744f61a02 -> 
  custom:video-encoder-webm-vp8: eb34c28f22e8b96e1ab97ce403110664 -> 
  custom:audio-encoder-webm-vorbis: bf7c407c2cedff20999df2af8eb42d56 -> 
  custom:framework-win-MediaFoundation: 216162199b28c13a410421893ffa2e32 -> 
  custom:container-demuxer-ogg: 62fdf1f143b41e24485cea50d1cbac27 -> 
  custom:video-decoder-webm-vp8: 9c59270c3fd7afecdb556c50c9e8de78 -> 
  custom:audio-decoder-ogg-vorbis: bf7c407c2cedff20999df2af8eb42d56 -> 
========================================================================
Received Import Request.
  Time since last request: 732.690465 seconds.
  path: Assets/ModularLowpolyStreetsFree/FBX/Roads.fbx
  artifactKey: Guid(8f631a0560592c44890f879375e84e52) Importer(815301076,1909f56bfc062723c751e8b465ee728b)
Start importing Assets/ModularLowpolyStreetsFree/FBX/Roads.fbx using Guid(8f631a0560592c44890f879375e84e52) Importer(815301076,1909f56bfc062723c751e8b465ee728b)  -> (artifact id: '20f34f26821c11f3e76dc9997e1970ad') in 0.535374 seconds 
========================================================================
Received Import Request.
  Time since last request: 17.270131 seconds.
  path: Assets/HousePack
  artifactKey: Guid(3c43ee5bcd85def4d8bedcf439c5a9af) Importer(815301076,1909f56bfc062723c751e8b465ee728b)
Start importing Assets/HousePack using Guid(3c43ee5bcd85def4d8bedcf439c5a9af) Importer(815301076,1909f56bfc062723c751e8b465ee728b)  -> (artifact id: '442e0be9b3cd5d3b5f5dc0d069fbe73c') in 0.008457 seconds 
========================================================================
Received Import Request.
  Time since last request: 6.147192 seconds.
  path: Assets/HousePack/Models
  artifactKey: Guid(8035c6e1c603ac043ae8f14bb5790bbc) Importer(815301076,1909f56bfc062723c751e8b465ee728b)
Start importing Assets/HousePack/Models using Guid(8035c6e1c603ac043ae8f14bb5790bbc) Importer(815301076,1909f56bfc062723c751e8b465ee728b)  -> (artifact id: 'c300a55fb5c4f805f8a85ad2c5a539a2') in 0.008161 seconds 
========================================================================
Received Import Request.
  Time since last request: 1.007341 seconds.
  path: Assets/HousePack/Models/House2
  artifactKey: Guid(02de5deb0e336e64bbd5bfb36fca3373) Importer(815301076,1909f56bfc062723c751e8b465ee728b)
Start importing Assets/HousePack/Models/House2 using Guid(02de5deb0e336e64bbd5bfb36fca3373) Importer(815301076,1909f56bfc062723c751e8b465ee728b)  -> (artifact id: 'e56af13f40f7834ccb3afceb631bdd72') in 0.009623 seconds 
========================================================================
Received Import Request.
  Time since last request: 0.043668 seconds.
  path: Assets/HousePack/Models/House2/House2.FBX
  artifactKey: Guid(d7157c3ded42206408dcd9251fde3233) Importer(815301076,1909f56bfc062723c751e8b465ee728b)
Start importing Assets/HousePack/Models/House2/House2.FBX using Guid(d7157c3ded42206408dcd9251fde3233) Importer(815301076,1909f56bfc062723c751e8b465ee728b)  -> (artifact id: 'e5db15d738f0c50daa72a4a957681783') in 0.156915 seconds 
========================================================================
Received Import Request.
  Time since last request: 48.389944 seconds.
  path: Assets/HousePack/Models/House2/Textures
  artifactKey: Guid(8b80f58e317741247a06f5f1289ce442) Importer(815301076,1909f56bfc062723c751e8b465ee728b)
Start importing Assets/HousePack/Models/House2/Textures using Guid(8b80f58e317741247a06f5f1289ce442) Importer(815301076,1909f56bfc062723c751e8b465ee728b)  -> (artifact id: '6e81ad9e4e718a30649f7e23a4a2e2f4') in 0.009448 seconds 
========================================================================
Received Import Request.
  Time since last request: 0.082530 seconds.
  path: Assets/HousePack/Models/House2/Textures/map1.bmp
  artifactKey: Guid(ee58542d583389d46be9f75f2b337da6) Importer(815301076,1909f56bfc062723c751e8b465ee728b)
Start importing Assets/HousePack/Models/House2/Textures/map1.bmp using Guid(ee58542d583389d46be9f75f2b337da6) Importer(815301076,1909f56bfc062723c751e8b465ee728b)  -> (artifact id: '96ce86700eda951cf0ea5a9496a1e606') in 0.042176 seconds 
========================================================================
Received Import Request.
  Time since last request: 0.000020 seconds.
  path: Assets/HousePack/Models/House2/Textures/map8.bmp
  artifactKey: Guid(dfc45927d002ae549a14133cabe8e428) Importer(815301076,1909f56bfc062723c751e8b465ee728b)
Start importing Assets/HousePack/Models/House2/Textures/map8.bmp using Guid(dfc45927d002ae549a14133cabe8e428) Importer(815301076,1909f56bfc062723c751e8b465ee728b)  -> (artifact id: '45358bb7116281f1781cd521e1144f8c') in 0.013512 seconds 
========================================================================
Received Import Request.
  Time since last request: 0.000036 seconds.
  path: Assets/HousePack/Models/House2/Textures/map3.bmp
  artifactKey: Guid(3f340292151edd148b0ff2ee48cd722c) Importer(815301076,1909f56bfc062723c751e8b465ee728b)
Start importing Assets/HousePack/Models/House2/Textures/map3.bmp using Guid(3f340292151edd148b0ff2ee48cd722c) Importer(815301076,1909f56bfc062723c751e8b465ee728b)  -> (artifact id: '26fca10df440ae5bd9428a0d40027e74') in 0.035112 seconds 
========================================================================
Received Import Request.
  Time since last request: 0.000057 seconds.
  path: Assets/HousePack/Models/House2/Textures/map5.bmp
  artifactKey: Guid(a742eee46720f6b4ab551490ee84a4be) Importer(815301076,1909f56bfc062723c751e8b465ee728b)
Start importing Assets/HousePack/Models/House2/Textures/map5.bmp using Guid(a742eee46720f6b4ab551490ee84a4be) Importer(815301076,1909f56bfc062723c751e8b465ee728b)  -> (artifact id: 'd328351c97ada31e6356c69e4421f5ff') in 0.035629 seconds 
========================================================================
Received Import Request.
  Time since last request: 0.000032 seconds.
  path: Assets/HousePack/Models/House2/Textures/map6.bmp
  artifactKey: Guid(3e0f2d1fc882b6547aea0483a6a0264f) Importer(815301076,1909f56bfc062723c751e8b465ee728b)
Start importing Assets/HousePack/Models/House2/Textures/map6.bmp using Guid(3e0f2d1fc882b6547aea0483a6a0264f) Importer(815301076,1909f56bfc062723c751e8b465ee728b)  -> (artifact id: 'bb46416791addcece5bc53fcca32aef1') in 0.030160 seconds 
========================================================================
Received Import Request.
  Time since last request: 0.000022 seconds.
  path: Assets/HousePack/Models/House2/Textures/map9.bmp
  artifactKey: Guid(eb6e3bae130260f4292c54d79c7030dd) Importer(815301076,1909f56bfc062723c751e8b465ee728b)
Start importing Assets/HousePack/Models/House2/Textures/map9.bmp using Guid(eb6e3bae130260f4292c54d79c7030dd) Importer(815301076,1909f56bfc062723c751e8b465ee728b)  -> (artifact id: '431ac8464a4da2ea34bab8e4ea8b254c') in 0.028948 seconds 
========================================================================
Received Import Request.
  Time since last request: 0.000022 seconds.
  path: Assets/HousePack/Models/House2/Textures/map2.bmp
  artifactKey: Guid(dce40df9efef83849be90a52d4d5c4b7) Importer(815301076,1909f56bfc062723c751e8b465ee728b)
Start importing Assets/HousePack/Models/House2/Textures/map2.bmp using Guid(dce40df9efef83849be90a52d4d5c4b7) Importer(815301076,1909f56bfc062723c751e8b465ee728b)  -> (artifact id: '4f6f1825ca250a38450923d03f197fd0') in 0.031971 seconds 
========================================================================
Received Import Request.
  Time since last request: 0.000023 seconds.
  path: Assets/HousePack/Models/House2/Textures/map10.bmp
  artifactKey: Guid(a4f707a375ee51941aa400944f349e5d) Importer(815301076,1909f56bfc062723c751e8b465ee728b)
Start importing Assets/HousePack/Models/House2/Textures/map10.bmp using Guid(a4f707a375ee51941aa400944f349e5d) Importer(815301076,1909f56bfc062723c751e8b465ee728b)  -> (artifact id: '1177a2ef1fb0d878c0e754ad7d178460') in 0.027724 seconds 
========================================================================
Received Import Request.
  Time since last request: 0.000027 seconds.
  path: Assets/HousePack/Models/House2/Textures/map4.bmp
  artifactKey: Guid(025f0abdd0d2dca42a82572382a554b1) Importer(815301076,1909f56bfc062723c751e8b465ee728b)
Start importing Assets/HousePack/Models/House2/Textures/map4.bmp using Guid(025f0abdd0d2dca42a82572382a554b1) Importer(815301076,1909f56bfc062723c751e8b465ee728b)  -> (artifact id: '10ef84767ea490bd1eabf9d2403e633f') in 0.033984 seconds 
========================================================================
Received Import Request.
  Time since last request: 4.973261 seconds.
  path: Assets/HousePack/Models/House2/Materials/map1.mat
  artifactKey: Guid(e50cfa94381cddf448a165139ac6e747) Importer(815301076,1909f56bfc062723c751e8b465ee728b)
Start importing Assets/HousePack/Models/House2/Materials/map1.mat using Guid(e50cfa94381cddf448a165139ac6e747) Importer(815301076,1909f56bfc062723c751e8b465ee728b)  -> (artifact id: '074821f211f25ec5b97357d098b7f10b') in 0.030028 seconds 
========================================================================
Received Import Request.
  Time since last request: 0.000022 seconds.
  path: Assets/HousePack/Models/House2/Materials/map8.mat
  artifactKey: Guid(568137d96bded3a4380f18ea77371fea) Importer(815301076,1909f56bfc062723c751e8b465ee728b)
Start importing Assets/HousePack/Models/House2/Materials/map8.mat using Guid(568137d96bded3a4380f18ea77371fea) Importer(815301076,1909f56bfc062723c751e8b465ee728b)  -> (artifact id: 'af8996696d979e122ac7ee8f74f0a6e1') in 0.014608 seconds 
========================================================================
Received Import Request.
  Time since last request: 0.000021 seconds.
  path: Assets/HousePack/Models/House2/Materials/map6.mat
  artifactKey: Guid(fbd46e7434d1851499d0f7d1b0c4dd96) Importer(815301076,1909f56bfc062723c751e8b465ee728b)
Start importing Assets/HousePack/Models/House2/Materials/map6.mat using Guid(fbd46e7434d1851499d0f7d1b0c4dd96) Importer(815301076,1909f56bfc062723c751e8b465ee728b)  -> (artifact id: 'c6ba9f9f80a132b17edac469bd4052e0') in 0.013098 seconds 
========================================================================
Received Import Request.
  Time since last request: 0.000020 seconds.
  path: Assets/HousePack/Models/House2/Materials/map9.mat
  artifactKey: Guid(582625cf7fa6d9045923aa78b3b8cce0) Importer(815301076,1909f56bfc062723c751e8b465ee728b)
Start importing Assets/HousePack/Models/House2/Materials/map9.mat using Guid(582625cf7fa6d9045923aa78b3b8cce0) Importer(815301076,1909f56bfc062723c751e8b465ee728b)  -> (artifact id: '4c03fe199e00bf28d69cae3f360cfc6a') in 0.014905 seconds 
========================================================================
Received Import Request.
  Time since last request: 0.000021 seconds.
  path: Assets/HousePack/Models/House2/Materials/map4.mat
  artifactKey: Guid(754de11c292170b4f9175374ed8cbf0c) Importer(815301076,1909f56bfc062723c751e8b465ee728b)
Start importing Assets/HousePack/Models/House2/Materials/map4.mat using Guid(754de11c292170b4f9175374ed8cbf0c) Importer(815301076,1909f56bfc062723c751e8b465ee728b)  -> (artifact id: 'bf9a8fe5d6499e98fa977d6128b70ceb') in 0.012721 seconds 
========================================================================
Received Import Request.
  Time since last request: 0.000022 seconds.
  path: Assets/HousePack/Models/House2/Materials/map3.mat
  artifactKey: Guid(16fef3b336f46b84996cf264075c9741) Importer(815301076,1909f56bfc062723c751e8b465ee728b)
Start importing Assets/HousePack/Models/House2/Materials/map3.mat using Guid(16fef3b336f46b84996cf264075c9741) Importer(815301076,1909f56bfc062723c751e8b465ee728b)  -> (artifact id: '75d31f98f11b642151b4bedb0dc50411') in 0.014997 seconds 
========================================================================
Received Import Request.
  Time since last request: 0.000021 seconds.
  path: Assets/HousePack/Models/House2/Materials/map7.mat
  artifactKey: Guid(37f415439560e1949ab025943c98ad1e) Importer(815301076,1909f56bfc062723c751e8b465ee728b)
Start importing Assets/HousePack/Models/House2/Materials/map7.mat using Guid(37f415439560e1949ab025943c98ad1e) Importer(815301076,1909f56bfc062723c751e8b465ee728b)  -> (artifact id: 'cc0145f2568624f98fbd8e07788b2afd') in 0.018877 seconds 
========================================================================
Received Import Request.
  Time since last request: 0.000022 seconds.
  path: Assets/HousePack/Models/House2/Materials/map5.mat
  artifactKey: Guid(c9e25c17cf28f344aa9b29d76063a0e4) Importer(815301076,1909f56bfc062723c751e8b465ee728b)
Start importing Assets/HousePack/Models/House2/Materials/map5.mat using Guid(c9e25c17cf28f344aa9b29d76063a0e4) Importer(815301076,1909f56bfc062723c751e8b465ee728b)  -> (artifact id: '479c848185160b7b6576eef99e427650') in 0.030419 seconds 
========================================================================
Received Import Request.
  Time since last request: 0.000040 seconds.
  path: Assets/HousePack/Models/House2/Materials/map10.mat
  artifactKey: Guid(b17e54a35bf9d914b94e41bcb230fdee) Importer(815301076,1909f56bfc062723c751e8b465ee728b)
Start importing Assets/HousePack/Models/House2/Materials/map10.mat using Guid(b17e54a35bf9d914b94e41bcb230fdee) Importer(815301076,1909f56bfc062723c751e8b465ee728b)  -> (artifact id: '7b7f4a8315a35740b07286c50279c07a') in 0.045040 seconds 
========================================================================
Received Import Request.
  Time since last request: 0.000034 seconds.
  path: Assets/HousePack/Models/House2/Materials/map2.mat
  artifactKey: Guid(0208ba3075276564f909051c9a9261cc) Importer(815301076,1909f56bfc062723c751e8b465ee728b)
Start importing Assets/HousePack/Models/House2/Materials/map2.mat using Guid(0208ba3075276564f909051c9a9261cc) Importer(815301076,1909f56bfc062723c751e8b465ee728b)  -> (artifact id: 'c93190dfc32e279bfdf64e142882935d') in 0.036809 seconds 
========================================================================
Received Import Request.
  Time since last request: 6.091394 seconds.
  path: Assets/HousePack/Models/House1/House1.FBX
  artifactKey: Guid(c3d67df85cdf2904db4b914ddd22ad38) Importer(815301076,1909f56bfc062723c751e8b465ee728b)
Start importing Assets/HousePack/Models/House1/House1.FBX using Guid(c3d67df85cdf2904db4b914ddd22ad38) Importer(815301076,1909f56bfc062723c751e8b465ee728b)  -> (artifact id: 'e0a4ac139e5fc418b474840e15184ec3') in 0.033854 seconds 
========================================================================
Received Import Request.
  Time since last request: 16.130467 seconds.
  path: Assets/HousePack/Models/House10
  artifactKey: Guid(9fe8cff9bcc42bf4989c148d1627657f) Importer(815301076,1909f56bfc062723c751e8b465ee728b)
Start importing Assets/HousePack/Models/House10 using Guid(9fe8cff9bcc42bf4989c148d1627657f) Importer(815301076,1909f56bfc062723c751e8b465ee728b)  -> (artifact id: '77cf5fae8e07119617ae01579929e7ff') in 0.009237 seconds 
========================================================================
Received Import Request.
  Time since last request: 0.062380 seconds.
  path: Assets/HousePack/Models/House10/House10.FBX
  artifactKey: Guid(d103edeffc2ce7a4398733bb5617f8df) Importer(815301076,1909f56bfc062723c751e8b465ee728b)
Start importing Assets/HousePack/Models/House10/House10.FBX using Guid(d103edeffc2ce7a4398733bb5617f8df) Importer(815301076,1909f56bfc062723c751e8b465ee728b)  -> (artifact id: 'd802e08e4673c88d5ceb972be22f0d19') in 0.028235 seconds 
========================================================================
Received Import Request.
  Time since last request: 124.083008 seconds.
  path: Assets/ADG_Textures/ground_vol1/ground2
  artifactKey: Guid(568f9eb5b58991e4f8d06973df6e539a) Importer(815301076,1909f56bfc062723c751e8b465ee728b)
Start importing Assets/ADG_Textures/ground_vol1/ground2 using Guid(568f9eb5b58991e4f8d06973df6e539a) Importer(815301076,1909f56bfc062723c751e8b465ee728b)  -> (artifact id: '2d0ed4f0ef24cdd64b998bbe064f82d2') in 0.009264 seconds 
========================================================================
Received Import Request.
  Time since last request: 0.402660 seconds.
  path: Assets/ADG_Textures/ground_vol1/ground2/ground2.mat
  artifactKey: Guid(88d4b65b6d484a1459f780db4b3edd0d) Importer(815301076,1909f56bfc062723c751e8b465ee728b)
Start importing Assets/ADG_Textures/ground_vol1/ground2/ground2.mat using Guid(88d4b65b6d484a1459f780db4b3edd0d) Importer(815301076,1909f56bfc062723c751e8b465ee728b)  -> (artifact id: 'cf883f608c8161e3e4c4637d81cd2606') in 0.092397 seconds 
========================================================================
Received Import Request.
  Time since last request: 0.000020 seconds.
  path: Assets/ADG_Textures/ground_vol1/ground2/ground2_Height.tga
  artifactKey: Guid(cb74fa1f447a9ed4baf1d1bce2326844) Importer(815301076,1909f56bfc062723c751e8b465ee728b)
Start importing Assets/ADG_Textures/ground_vol1/ground2/ground2_Height.tga using Guid(cb74fa1f447a9ed4baf1d1bce2326844) Importer(815301076,1909f56bfc062723c751e8b465ee728b)  -> (artifact id: 'f71f8a4b8695b810525a85180b7489be') in 0.029785 seconds 
========================================================================
Received Import Request.
  Time since last request: 0.000024 seconds.
  path: Assets/ADG_Textures/ground_vol1/ground2/ground2_Metallic.tga
  artifactKey: Guid(05ec23c4c1d2ad54eaebfd0bf25af051) Importer(815301076,1909f56bfc062723c751e8b465ee728b)
Start importing Assets/ADG_Textures/ground_vol1/ground2/ground2_Metallic.tga using Guid(05ec23c4c1d2ad54eaebfd0bf25af051) Importer(815301076,1909f56bfc062723c751e8b465ee728b)  -> (artifact id: '4c2e6b9731516510bf861d25225c6fb3') in 0.022063 seconds 
========================================================================
Received Import Request.
  Time since last request: 0.000029 seconds.
  path: Assets/ADG_Textures/ground_vol1/ground2/ground2_Ambient_Occlusion.tga
  artifactKey: Guid(cbfdc0c455424e84c94f238e9b9382ec) Importer(815301076,1909f56bfc062723c751e8b465ee728b)
Start importing Assets/ADG_Textures/ground_vol1/ground2/ground2_Ambient_Occlusion.tga using Guid(cbfdc0c455424e84c94f238e9b9382ec) Importer(815301076,1909f56bfc062723c751e8b465ee728b)  -> (artifact id: 'f21de6c283eff79638848781842efa91') in 0.014750 seconds 
========================================================================
Received Import Request.
  Time since last request: 0.000020 seconds.
  path: Assets/ADG_Textures/ground_vol1/ground2/ground2_Normal.tga
  artifactKey: Guid(f3b2a952874cda74583658ed78a08ef2) Importer(815301076,1909f56bfc062723c751e8b465ee728b)
Start importing Assets/ADG_Textures/ground_vol1/ground2/ground2_Normal.tga using Guid(f3b2a952874cda74583658ed78a08ef2) Importer(815301076,1909f56bfc062723c751e8b465ee728b)  -> (artifact id: 'bc6895c5efef4f1c8430a03b2b25604e') in 0.025481 seconds 
========================================================================
Received Import Request.
  Time since last request: 0.000021 seconds.
  path: Assets/ADG_Textures/ground_vol1/ground2/ground2_Diffuse.tga
  artifactKey: Guid(ef1fbc9bae2718d4a8dbe2baaa01399c) Importer(815301076,1909f56bfc062723c751e8b465ee728b)
Start importing Assets/ADG_Textures/ground_vol1/ground2/ground2_Diffuse.tga using Guid(ef1fbc9bae2718d4a8dbe2baaa01399c) Importer(815301076,1909f56bfc062723c751e8b465ee728b)  -> (artifact id: 'c1bce5537b086265279eb0fd82ca3ad1') in 0.037420 seconds 
========================================================================
Received Import Request.
  Time since last request: 10.552340 seconds.
  path: Assets/Azerilo
  artifactKey: Guid(46cab59b2110dc64e90ca29981b6d46b) Importer(815301076,1909f56bfc062723c751e8b465ee728b)
Start importing Assets/Azerilo using Guid(46cab59b2110dc64e90ca29981b6d46b) Importer(815301076,1909f56bfc062723c751e8b465ee728b)  -> (artifact id: '75528cd4bdc9c61378298a5e63072ea0') in 0.008757 seconds 
========================================================================
Received Import Request.
  Time since last request: 0.618679 seconds.
  path: Assets/Azerilo/Demo Assets
  artifactKey: Guid(5b0187b6926aa174e8988ac8c704521f) Importer(815301076,1909f56bfc062723c751e8b465ee728b)
Start importing Assets/Azerilo/Demo Assets using Guid(5b0187b6926aa174e8988ac8c704521f) Importer(815301076,1909f56bfc062723c751e8b465ee728b)  -> (artifact id: '2b82e42e03e5c6519982e9c14b2e9cf2') in 0.014175 seconds 
========================================================================
Received Import Request.
  Time since last request: 0.086520 seconds.
  path: Assets/Azerilo/Demo Assets/Concrete.png
  artifactKey: Guid(54fe9336185816b42b71905ad8edb8ab) Importer(815301076,1909f56bfc062723c751e8b465ee728b)
Start importing Assets/Azerilo/Demo Assets/Concrete.png using Guid(54fe9336185816b42b71905ad8edb8ab) Importer(815301076,1909f56bfc062723c751e8b465ee728b)  -> (artifact id: '222c6869f47a179c601a24f2191b494e') in 0.041901 seconds 
========================================================================
Received Import Request.
  Time since last request: 0.000028 seconds.
  path: Assets/Azerilo/Demo Assets/Ground.mat
  artifactKey: Guid(aad598b43aa780247ae3dc593eceea9f) Importer(815301076,1909f56bfc062723c751e8b465ee728b)
Start importing Assets/Azerilo/Demo Assets/Ground.mat using Guid(aad598b43aa780247ae3dc593eceea9f) Importer(815301076,1909f56bfc062723c751e8b465ee728b)  -> (artifact id: 'd2c2f28687891d27fe70dce4c3971706') in 0.160748 seconds 
========================================================================
Received Import Request.
  Time since last request: 22.252014 seconds.
  path: Assets/Tree9
  artifactKey: Guid(7cf3165f14823734798c1cd9cad07917) Importer(815301076,1909f56bfc062723c751e8b465ee728b)
Start importing Assets/Tree9 using Guid(7cf3165f14823734798c1cd9cad07917) Importer(815301076,1909f56bfc062723c751e8b465ee728b)  -> (artifact id: '8a3520f1dd6ea48581c592afb69c635e') in 0.008871 seconds 
========================================================================
Received Import Request.
  Time since last request: 0.066646 seconds.
  path: Assets/Tree9/bark14.mat
  artifactKey: Guid(760ea8238d6219c42b2739f693d4c834) Importer(815301076,1909f56bfc062723c751e8b465ee728b)
Start importing Assets/Tree9/bark14.mat using Guid(760ea8238d6219c42b2739f693d4c834) Importer(815301076,1909f56bfc062723c751e8b465ee728b)  -> (artifact id: 'b959dcdf6f3f6597fb8a30d073978908') in 0.308437 seconds 
========================================================================
Received Import Request.
  Time since last request: 0.000028 seconds.
  path: Assets/Tree9/bark14_N.png
  artifactKey: Guid(81f1d63919f88a547a8d97fe857cc586) Importer(815301076,1909f56bfc062723c751e8b465ee728b)
Start importing Assets/Tree9/bark14_N.png using Guid(81f1d63919f88a547a8d97fe857cc586) Importer(815301076,1909f56bfc062723c751e8b465ee728b)  -> (artifact id: 'e8cb9c9f3a135e32d2f9db1f06067a87') in 0.040997 seconds 
========================================================================
Received Import Request.
  Time since last request: 0.000071 seconds.
  path: Assets/Tree9/Tree9_Leaf.fbx
  artifactKey: Guid(1de95aafaed1b594b88a317c6a6ac028) Importer(815301076,1909f56bfc062723c751e8b465ee728b)
Start importing Assets/Tree9/Tree9_Leaf.fbx using Guid(1de95aafaed1b594b88a317c6a6ac028) Importer(815301076,1909f56bfc062723c751e8b465ee728b)  -> (artifact id: '72d71ce42ea445f4b753378595022b59') in 0.307833 seconds 
========================================================================
Received Import Request.
  Time since last request: 0.000023 seconds.
  path: Assets/Tree9/bark14.png
  artifactKey: Guid(78e60ad3a8152ec46be748bb6d5a7cdf) Importer(815301076,1909f56bfc062723c751e8b465ee728b)
Start importing Assets/Tree9/bark14.png using Guid(78e60ad3a8152ec46be748bb6d5a7cdf) Importer(815301076,1909f56bfc062723c751e8b465ee728b)  -> (artifact id: 'ce8c8e2ac5cf8b53ca02c23f88bf7175') in 0.014643 seconds 
========================================================================
Received Import Request.
  Time since last request: 0.000075 seconds.
  path: Assets/Tree9/Tree9_2.prefab
  artifactKey: Guid(be878d9ea17907f4a8068678a5ce7908) Importer(815301076,1909f56bfc062723c751e8b465ee728b)
Start importing Assets/Tree9/Tree9_2.prefab using Guid(be878d9ea17907f4a8068678a5ce7908) Importer(815301076,1909f56bfc062723c751e8b465ee728b)  -> (artifact id: '41379995a0f891fc9b1303277d151d42') in 0.112675 seconds 
========================================================================
Received Import Request.
  Time since last request: 0.000022 seconds.
  path: Assets/Tree9/Leafs19_N.png
  artifactKey: Guid(fa41cc63b7bd56f4da64009c1c218880) Importer(815301076,1909f56bfc062723c751e8b465ee728b)
Start importing Assets/Tree9/Leafs19_N.png using Guid(fa41cc63b7bd56f4da64009c1c218880) Importer(815301076,1909f56bfc062723c751e8b465ee728b)  -> (artifact id: '41ecb3955efa36795cfe0ff23f75855e') in 0.020605 seconds 
========================================================================
Received Import Request.
  Time since last request: 0.000021 seconds.
  path: Assets/Tree9/Tree9_3.prefab
  artifactKey: Guid(8b2d47fdc2e25ac4f9721480a68bbefa) Importer(815301076,1909f56bfc062723c751e8b465ee728b)
Start importing Assets/Tree9/Tree9_3.prefab using Guid(8b2d47fdc2e25ac4f9721480a68bbefa) Importer(815301076,1909f56bfc062723c751e8b465ee728b)  -> (artifact id: '97c56d7afce0609613446e03b9a03262') in 0.164215 seconds 
========================================================================
Received Import Request.
  Time since last request: 0.000022 seconds.
  path: Assets/Tree9/Tree9_leafs.mat
  artifactKey: Guid(da780beb78a91484aa965294e12f428e) Importer(815301076,1909f56bfc062723c751e8b465ee728b)
Start importing Assets/Tree9/Tree9_leafs.mat using Guid(da780beb78a91484aa965294e12f428e) Importer(815301076,1909f56bfc062723c751e8b465ee728b)  -> (artifact id: '8ebc88f9d9ad4768cde7ed47ad918823') in 0.020252 seconds 
========================================================================
Received Import Request.
  Time since last request: 0.000090 seconds.
  path: Assets/Tree9/Tree9_5.prefab
  artifactKey: Guid(9b8fc966f95ea9c4194dc091fc40b478) Importer(815301076,1909f56bfc062723c751e8b465ee728b)
Start importing Assets/Tree9/Tree9_5.prefab using Guid(9b8fc966f95ea9c4194dc091fc40b478) Importer(815301076,1909f56bfc062723c751e8b465ee728b)  -> (artifact id: 'a0699ab85b995f44603b9a3beeaa5d90') in 0.137516 seconds 
========================================================================
Received Import Request.
  Time since last request: 0.000028 seconds.
  path: Assets/Tree9/Tree9_4.prefab
  artifactKey: Guid(956bd2acf7aae244dac8fc20cf57858d) Importer(815301076,1909f56bfc062723c751e8b465ee728b)
Start importing Assets/Tree9/Tree9_4.prefab using Guid(956bd2acf7aae244dac8fc20cf57858d) Importer(815301076,1909f56bfc062723c751e8b465ee728b)  -> (artifact id: '22dd6dba160f4e890e2257f62da771d4') in 0.108355 seconds 
========================================================================
Received Import Request.
  Time since last request: 0.000022 seconds.
  path: Assets/Tree9/Leafs19.tga
  artifactKey: Guid(58552de7d543f6e4095feb3806e56f4f) Importer(815301076,1909f56bfc062723c751e8b465ee728b)
Start importing Assets/Tree9/Leafs19.tga using Guid(58552de7d543f6e4095feb3806e56f4f) Importer(815301076,1909f56bfc062723c751e8b465ee728b)  -> (artifact id: '375bd6d04dd07ef7734ea4e00888191f') in 0.017805 seconds 
========================================================================
Received Import Request.
  Time since last request: 169.594747 seconds.
  path: Assets/Tree9/Tree9_3_Textures
  artifactKey: Guid(91c7459d42b0e8c449a058fdc5f8ad06) Importer(815301076,1909f56bfc062723c751e8b465ee728b)
Start importing Assets/Tree9/Tree9_3_Textures using Guid(91c7459d42b0e8c449a058fdc5f8ad06) Importer(815301076,1909f56bfc062723c751e8b465ee728b)  -> (artifact id: '9ba03e785692d40d9b2c757bcbd27dfd') in 0.008922 seconds 
========================================================================
Received Import Request.
  Time since last request: 0.080837 seconds.
  path: Assets/Tree9/Tree9_3_Textures/diffuse.png
  artifactKey: Guid(805996602db52c84e8efefaab03018a3) Importer(815301076,1909f56bfc062723c751e8b465ee728b)
Start importing Assets/Tree9/Tree9_3_Textures/diffuse.png using Guid(805996602db52c84e8efefaab03018a3) Importer(815301076,1909f56bfc062723c751e8b465ee728b)  -> (artifact id: 'ab8a4e2310fa4beb649892750fe3bb8e') in 0.040461 seconds 
========================================================================
Received Import Request.
  Time since last request: 0.000039 seconds.
  path: Assets/Tree9/Tree9_3_Textures/translucency_gloss.png
  artifactKey: Guid(8f5f758364e45744f80bb2e01ec53bd8) Importer(815301076,1909f56bfc062723c751e8b465ee728b)
Start importing Assets/Tree9/Tree9_3_Textures/translucency_gloss.png using Guid(8f5f758364e45744f80bb2e01ec53bd8) Importer(815301076,1909f56bfc062723c751e8b465ee728b)  -> (artifact id: '8c0a953c2ca88ffb204a96fd6731a5df') in 0.015457 seconds 
========================================================================
Received Import Request.
  Time since last request: 0.000023 seconds.
  path: Assets/Tree9/Tree9_3_Textures/shadow.png
  artifactKey: Guid(deb66da94d975a04eb2516ac7d069d45) Importer(815301076,1909f56bfc062723c751e8b465ee728b)
Start importing Assets/Tree9/Tree9_3_Textures/shadow.png using Guid(deb66da94d975a04eb2516ac7d069d45) Importer(815301076,1909f56bfc062723c751e8b465ee728b)  -> (artifact id: 'ede93221b211a793da4e2805d491af50') in 0.013077 seconds 
========================================================================
Received Import Request.
  Time since last request: 0.000132 seconds.
  path: Assets/Tree9/Tree9_3_Textures/normal_specular.png
  artifactKey: Guid(18917dcc930f64d41ad6c8dd712798fe) Importer(815301076,1909f56bfc062723c751e8b465ee728b)
Start importing Assets/Tree9/Tree9_3_Textures/normal_specular.png using Guid(18917dcc930f64d41ad6c8dd712798fe) Importer(815301076,1909f56bfc062723c751e8b465ee728b)  -> (artifact id: 'b99acc2a2d1d8d94e1df26629b7487cf') in 0.039775 seconds 
========================================================================
Received Import Request.
  Time since last request: 2.490727 seconds.
  path: Assets/Tree9/Materials/leaf.mat
  artifactKey: Guid(3b81562ccc7e92543a108e811251a16f) Importer(815301076,1909f56bfc062723c751e8b465ee728b)
Start importing Assets/Tree9/Materials/leaf.mat using Guid(3b81562ccc7e92543a108e811251a16f) Importer(815301076,1909f56bfc062723c751e8b465ee728b)  -> (artifact id: '42ee69a2c2bc444edc229009509c1353') in 0.019398 seconds 
========================================================================
Received Import Request.
  Time since last request: 0.000026 seconds.
  path: Assets/Tree9/Materials/Leafs19.mat
  artifactKey: Guid(d11a83ee6609c2e4db67b01ddf4ca991) Importer(815301076,1909f56bfc062723c751e8b465ee728b)
Start importing Assets/Tree9/Materials/Leafs19.mat using Guid(d11a83ee6609c2e4db67b01ddf4ca991) Importer(815301076,1909f56bfc062723c751e8b465ee728b)  -> (artifact id: '9fda35d4da2dced9ece6cfe1e6f49f8a') in 0.015248 seconds 
========================================================================
Received Import Request.
  Time since last request: 1.391252 seconds.
  path: Assets/Tree9/Tree9_1_Textures/diffuse.png
  artifactKey: Guid(f984fae445e929149af21237b556579a) Importer(815301076,1909f56bfc062723c751e8b465ee728b)
Start importing Assets/Tree9/Tree9_1_Textures/diffuse.png using Guid(f984fae445e929149af21237b556579a) Importer(815301076,1909f56bfc062723c751e8b465ee728b)  -> (artifact id: 'da399b000e4e37cb4c5246a1fed3026b') in 0.022974 seconds 
========================================================================
Received Import Request.
  Time since last request: 0.000025 seconds.
  path: Assets/Tree9/Tree9_1_Textures/shadow.png
  artifactKey: Guid(c6866b951b8f3da479d9f8822255ff51) Importer(815301076,1909f56bfc062723c751e8b465ee728b)
Start importing Assets/Tree9/Tree9_1_Textures/shadow.png using Guid(c6866b951b8f3da479d9f8822255ff51) Importer(815301076,1909f56bfc062723c751e8b465ee728b)  -> (artifact id: '53836602ecee422c696f7177cea7d909') in 0.020005 seconds 
========================================================================
Received Import Request.
  Time since last request: 0.000021 seconds.
  path: Assets/Tree9/Tree9_1_Textures/normal_specular.png
  artifactKey: Guid(34bf97c9a44d6a24e9aad37f9f1e5e3d) Importer(815301076,1909f56bfc062723c751e8b465ee728b)
Start importing Assets/Tree9/Tree9_1_Textures/normal_specular.png using Guid(34bf97c9a44d6a24e9aad37f9f1e5e3d) Importer(815301076,1909f56bfc062723c751e8b465ee728b)  -> (artifact id: 'a522af3a0782de5031a8b42d0a017a9f') in 0.016202 seconds 
========================================================================
Received Import Request.
  Time since last request: 0.000027 seconds.
  path: Assets/Tree9/Tree9_1_Textures/translucency_gloss.png
  artifactKey: Guid(f61dbef0d12d35f4b9fbf8cfded48f9a) Importer(815301076,1909f56bfc062723c751e8b465ee728b)
Start importing Assets/Tree9/Tree9_1_Textures/translucency_gloss.png using Guid(f61dbef0d12d35f4b9fbf8cfded48f9a) Importer(815301076,1909f56bfc062723c751e8b465ee728b)  -> (artifact id: 'ddd0876cfe2c55fd5c193fec592181fe') in 0.039953 seconds 
========================================================================
Received Import Request.
  Time since last request: 0.511040 seconds.
  path: Assets/Tree 2_Textures/diffuse.png
  artifactKey: Guid(a6fbc03f4d74bf24f9125889e2867683) Importer(815301076,1909f56bfc062723c751e8b465ee728b)
Start importing Assets/Tree 2_Textures/diffuse.png using Guid(a6fbc03f4d74bf24f9125889e2867683) Importer(815301076,1909f56bfc062723c751e8b465ee728b)  -> (artifact id: 'b705ae33cf5dc1444d706a22f3327b74') in 0.038680 seconds 
========================================================================
Received Import Request.
  Time since last request: 0.000021 seconds.
  path: Assets/Tree 2_Textures/shadow.png
  artifactKey: Guid(0f26e7a39150709478b29238f3a7fe85) Importer(815301076,1909f56bfc062723c751e8b465ee728b)
Start importing Assets/Tree 2_Textures/shadow.png using Guid(0f26e7a39150709478b29238f3a7fe85) Importer(815301076,1909f56bfc062723c751e8b465ee728b)  -> (artifact id: '0d1ab3c1bf9746154235907b446547a4') in 0.017659 seconds 
========================================================================
Received Import Request.
  Time since last request: 0.000035 seconds.
  path: Assets/Tree 2_Textures/translucency_gloss.png
  artifactKey: Guid(0a9c093d9d22e8940a65a42f550d8ef8) Importer(815301076,1909f56bfc062723c751e8b465ee728b)
Start importing Assets/Tree 2_Textures/translucency_gloss.png using Guid(0a9c093d9d22e8940a65a42f550d8ef8) Importer(815301076,1909f56bfc062723c751e8b465ee728b)  -> (artifact id: 'e3a4da6c4f7f8b8c1234ffc3368ee981') in 0.034118 seconds 
========================================================================
Received Import Request.
  Time since last request: 0.000031 seconds.
  path: Assets/Tree 2_Textures/normal_specular.png
  artifactKey: Guid(55458c5748a00964eb8bc240f36a1e41) Importer(815301076,1909f56bfc062723c751e8b465ee728b)
Start importing Assets/Tree 2_Textures/normal_specular.png using Guid(55458c5748a00964eb8bc240f36a1e41) Importer(815301076,1909f56bfc062723c751e8b465ee728b)  -> (artifact id: 'c9efe447a0ed4d81921c61639d6eb1b2') in 0.032814 seconds 
========================================================================
Received Import Request.
  Time since last request: 2.646672 seconds.
  path: Assets/Tree9/Tree9_1_Textures
  artifactKey: Guid(8d139c15c7ee7f949a8d3cb34eb9f16f) Importer(815301076,1909f56bfc062723c751e8b465ee728b)
Start importing Assets/Tree9/Tree9_1_Textures using Guid(8d139c15c7ee7f949a8d3cb34eb9f16f) Importer(815301076,1909f56bfc062723c751e8b465ee728b)  -> (artifact id: 'b02fb583c76d6b4eea9a2e2c45e1ea39') in 0.008758 seconds 
========================================================================
Received Import Request.
  Time since last request: 9.665275 seconds.
  path: Assets/Tree9/tree9.unity
  artifactKey: Guid(41ed07a01030f594b8b9ea974b35ebec) Importer(815301076,1909f56bfc062723c751e8b465ee728b)
Start importing Assets/Tree9/tree9.unity using Guid(41ed07a01030f594b8b9ea974b35ebec) Importer(815301076,1909f56bfc062723c751e8b465ee728b)  -> (artifact id: '6f17bc452039cd7f3ea7830c957a4cdf') in 0.010014 seconds 
========================================================================
Received Import Request.
  Time since last request: 4.982550 seconds.
  path: Assets/Tree9/Tree9_3.prefab
  artifactKey: Guid(8b2d47fdc2e25ac4f9721480a68bbefa) Importer(815301076,1909f56bfc062723c751e8b465ee728b)
Start importing Assets/Tree9/Tree9_3.prefab using Guid(8b2d47fdc2e25ac4f9721480a68bbefa) Importer(815301076,1909f56bfc062723c751e8b465ee728b)  -> (artifact id: 'c8d1a3f0b708d51ef53cf0aabe55cd4b') in 0.102154 seconds 
